<?xml version="1.0" encoding="UTF-8"?>
<testsuite xmlns:xsi="http://www.w3.org/2001/XMLSchema-instance" xsi:noNamespaceSchemaLocation="https://maven.apache.org/surefire/maven-surefire-plugin/xsd/surefire-test-report.xsd" version="3.0.2" name="tqs.MealsBookingServiceTest" time="0.386" tests="8" errors="0" skipped="0" failures="0">
  <properties>
[...]
</properties>
  <testcase name="differentShiftAllowed" classname="tqs.MealsBookingServiceTest" time="0.26"/>
  <testcase name="checkInOnceOnly" classname="tqs.MealsBookingServiceTest" time="0.013"/>
  <testcase name="capacityEnforced" classname="tqs.MealsBookingServiceTest" time="0.004"/>
  <testcase name="noDoubleBookingSameShift" classname="tqs.MealsBookingServiceTest" time="0.006"/>
  <testcase name="cancelFreesSlot" classname="tqs.MealsBookingServiceTest" time="0.004"/>
  <testcase name="cancelPreventsUse" classname="tqs.MealsBookingServiceTest" time="0.003"/>
  <testcase name="invalidTokenGuards" classname="tqs.MealsBookingServiceTest" time="0.003"/>
  <testcase name="bookAndGet" classname="tqs.MealsBookingServiceTest" time="0.002"/>
</testsuite>